{"/Users/superq/NFQ/React-like/src/createElement.js": {"path":"/Users/superq/NFQ/React-like/src/createElement.js","statementMap":{"0":{"start":{"line":2,"column":14},"end":{"line":2,"column":16}},"1":{"start":{"line":3,"column":20},"end":{"line":3,"column":22}},"2":{"start":{"line":7,"column":29},"end":{"line":64,"column":1}},"3":{"start":{"line":9,"column":36},"end":{"line":9,"column":47}},"4":{"start":{"line":11,"column":2},"end":{"line":13,"column":3}},"5":{"start":{"line":12,"column":4},"end":{"line":12,"column":22}},"6":{"start":{"line":15,"column":2},"end":{"line":20,"column":3}},"7":{"start":{"line":16,"column":4},"end":{"line":18,"column":5}},"8":{"start":{"line":17,"column":6},"end":{"line":17,"column":37}},"9":{"start":{"line":19,"column":4},"end":{"line":19,"column":30}},"10":{"start":{"line":22,"column":2},"end":{"line":50,"column":1}},"11":{"start":{"line":24,"column":4},"end":{"line":24,"column":23}},"12":{"start":{"line":25,"column":25},"end":{"line":25,"column":40}},"13":{"start":{"line":26,"column":22},"end":{"line":26,"column":34}},"14":{"start":{"line":28,"column":4},"end":{"line":49,"column":3}},"15":{"start":{"line":29,"column":6},"end":{"line":29,"column":57}},"16":{"start":{"line":29,"column":37},"end":{"line":29,"column":57}},"17":{"start":{"line":31,"column":6},"end":{"line":31,"column":46}},"18":{"start":{"line":31,"column":34},"end":{"line":31,"column":46}},"19":{"start":{"line":32,"column":6},"end":{"line":40,"column":7}},"20":{"start":{"line":33,"column":8},"end":{"line":39,"column":9}},"21":{"start":{"line":34,"column":10},"end":{"line":34,"column":20}},"22":{"start":{"line":35,"column":14},"end":{"line":39,"column":9}},"23":{"start":{"line":36,"column":10},"end":{"line":36,"column":31}},"24":{"start":{"line":37,"column":14},"end":{"line":39,"column":9}},"25":{"start":{"line":38,"column":10},"end":{"line":38,"column":28}},"26":{"start":{"line":43,"column":6},"end":{"line":47,"column":7}},"27":{"start":{"line":43,"column":40},"end":{"line":43,"column":79}},"28":{"start":{"line":44,"column":11},"end":{"line":47,"column":7}},"29":{"start":{"line":44,"column":42},"end":{"line":44,"column":58}},"30":{"start":{"line":46,"column":8},"end":{"line":46,"column":28}},"31":{"start":{"line":48,"column":6},"end":{"line":48,"column":33}},"32":{"start":{"line":54,"column":16},"end":{"line":54,"column":27}},"33":{"start":{"line":55,"column":2},"end":{"line":55,"column":27}},"34":{"start":{"line":56,"column":2},"end":{"line":56,"column":27}},"35":{"start":{"line":57,"column":2},"end":{"line":57,"column":65}},"36":{"start":{"line":58,"column":2},"end":{"line":58,"column":61}},"37":{"start":{"line":63,"column":2},"end":{"line":63,"column":14}}},"fnMap":{"0":{"name":"(anonymous_0)","decl":{"start":{"line":7,"column":29},"end":{"line":7,"column":30}},"loc":{"start":{"line":7,"column":66},"end":{"line":64,"column":1}},"line":7}},"branchMap":{"0":{"loc":{"start":{"line":15,"column":2},"end":{"line":20,"column":3}},"type":"if","locations":[{"start":{"line":15,"column":2},"end":{"line":20,"column":3}},{"start":{"line":15,"column":2},"end":{"line":20,"column":3}}],"line":15},"1":{"loc":{"start":{"line":15,"column":5},"end":{"line":15,"column":44}},"type":"binary-expr","locations":[{"start":{"line":15,"column":5},"end":{"line":15,"column":15}},{"start":{"line":15,"column":19},"end":{"line":15,"column":44}}],"line":15},"2":{"loc":{"start":{"line":16,"column":4},"end":{"line":18,"column":5}},"type":"if","locations":[{"start":{"line":16,"column":4},"end":{"line":18,"column":5}},{"start":{"line":16,"column":4},"end":{"line":18,"column":5}}],"line":16},"3":{"loc":{"start":{"line":28,"column":4},"end":{"line":49,"column":3}},"type":"if","locations":[{"start":{"line":28,"column":4},"end":{"line":49,"column":3}},{"start":{"line":28,"column":4},"end":{"line":49,"column":3}}],"line":28},"4":{"loc":{"start":{"line":28,"column":7},"end":{"line":28,"column":40}},"type":"binary-expr","locations":[{"start":{"line":28,"column":7},"end":{"line":28,"column":12}},{"start":{"line":28,"column":17},"end":{"line":28,"column":40}}],"line":28},"5":{"loc":{"start":{"line":31,"column":6},"end":{"line":31,"column":46}},"type":"if","locations":[{"start":{"line":31,"column":6},"end":{"line":31,"column":46}},{"start":{"line":31,"column":6},"end":{"line":31,"column":46}}],"line":31},"6":{"loc":{"start":{"line":32,"column":6},"end":{"line":40,"column":7}},"type":"if","locations":[{"start":{"line":32,"column":6},"end":{"line":40,"column":7}},{"start":{"line":32,"column":6},"end":{"line":40,"column":7}}],"line":32},"7":{"loc":{"start":{"line":33,"column":8},"end":{"line":39,"column":9}},"type":"if","locations":[{"start":{"line":33,"column":8},"end":{"line":39,"column":9}},{"start":{"line":33,"column":8},"end":{"line":39,"column":9}}],"line":33},"8":{"loc":{"start":{"line":35,"column":14},"end":{"line":39,"column":9}},"type":"if","locations":[{"start":{"line":35,"column":14},"end":{"line":39,"column":9}},{"start":{"line":35,"column":14},"end":{"line":39,"column":9}}],"line":35},"9":{"loc":{"start":{"line":37,"column":14},"end":{"line":39,"column":9}},"type":"if","locations":[{"start":{"line":37,"column":14},"end":{"line":39,"column":9}},{"start":{"line":37,"column":14},"end":{"line":39,"column":9}}],"line":37},"10":{"loc":{"start":{"line":43,"column":6},"end":{"line":47,"column":7}},"type":"if","locations":[{"start":{"line":43,"column":6},"end":{"line":47,"column":7}},{"start":{"line":43,"column":6},"end":{"line":47,"column":7}}],"line":43},"11":{"loc":{"start":{"line":43,"column":9},"end":{"line":43,"column":37}},"type":"binary-expr","locations":[{"start":{"line":43,"column":9},"end":{"line":43,"column":19}},{"start":{"line":43,"column":23},"end":{"line":43,"column":37}}],"line":43},"12":{"loc":{"start":{"line":44,"column":11},"end":{"line":47,"column":7}},"type":"if","locations":[{"start":{"line":44,"column":11},"end":{"line":47,"column":7}},{"start":{"line":44,"column":11},"end":{"line":47,"column":7}}],"line":44},"13":{"loc":{"start":{"line":57,"column":21},"end":{"line":57,"column":65}},"type":"cond-expr","locations":[{"start":{"line":57,"column":43},"end":{"line":57,"column":53}},{"start":{"line":57,"column":56},"end":{"line":57,"column":65}}],"line":57},"14":{"loc":{"start":{"line":58,"column":14},"end":{"line":58,"column":61}},"type":"cond-expr","locations":[{"start":{"line":58,"column":35},"end":{"line":58,"column":49}},{"start":{"line":58,"column":52},"end":{"line":58,"column":61}}],"line":58}},"s":{"0":1,"1":1,"2":1,"3":17,"4":17,"5":12,"6":17,"7":1,"8":1,"9":1,"10":17,"11":14,"12":14,"13":14,"14":14,"15":1,"16":1,"17":13,"18":2,"19":13,"20":13,"21":4,"22":9,"23":3,"24":6,"25":3,"26":13,"27":5,"28":8,"29":7,"30":1,"31":13,"32":17,"33":17,"34":17,"35":17,"36":17,"37":17},"f":{"0":17},"b":{"0":[1,16],"1":[17,2],"2":[1,0],"3":[1,13],"4":[14,11],"5":[2,11],"6":[13,0],"7":[4,9],"8":[3,6],"9":[3,3],"10":[5,8],"11":[13,10],"12":[7,1],"13":[11,6],"14":[2,15]},"_coverageSchema":"332fd63041d2c1bcb487cc26dd0d5f7d97098a6c","hash":"d180a2b9e231714510f6ccb2d58a57ac94974de7"}
}
