TN:
SF:/Users/superq/NFQ/React-like/src/createElement.js
FN:7,(anonymous_0)
FNF:1
FNH:1
FNDA:17,(anonymous_0)
DA:2,1
DA:3,1
DA:7,1
DA:9,17
DA:11,17
DA:12,12
DA:15,17
DA:16,1
DA:17,1
DA:19,1
DA:22,17
DA:24,14
DA:25,14
DA:26,14
DA:28,14
DA:29,1
DA:31,13
DA:32,13
DA:33,13
DA:34,4
DA:35,9
DA:36,3
DA:37,6
DA:38,3
DA:43,13
DA:44,8
DA:46,1
DA:48,13
DA:54,17
DA:55,17
DA:56,17
DA:57,17
DA:58,17
DA:63,17
LF:34
LH:34
BRDA:15,0,0,1
BRDA:15,0,1,16
BRDA:15,1,0,17
BRDA:15,1,1,2
BRDA:16,2,0,1
BRDA:16,2,1,0
BRDA:28,3,0,1
BRDA:28,3,1,13
BRDA:28,4,0,14
BRDA:28,4,1,11
BRDA:31,5,0,2
BRDA:31,5,1,11
BRDA:32,6,0,13
BRDA:32,6,1,0
BRDA:33,7,0,4
BRDA:33,7,1,9
BRDA:35,8,0,3
BRDA:35,8,1,6
BRDA:37,9,0,3
BRDA:37,9,1,3
BRDA:43,10,0,5
BRDA:43,10,1,8
BRDA:43,11,0,13
BRDA:43,11,1,10
BRDA:44,12,0,7
BRDA:44,12,1,1
BRDA:57,13,0,11
BRDA:57,13,1,6
BRDA:58,14,0,2
BRDA:58,14,1,15
BRF:30
BRH:28
end_of_record
